c:\users\user\desktop\אפקה\שנה רביעית סמסטר ב\c++\מטלה חלק 1\code\projectcpppart1\projectcpppart1\x64\debug\vc142.pdb
c:\users\user\desktop\אפקה\שנה רביעית סמסטר ב\c++\מטלה חלק 1\code\projectcpppart1\projectcpppart1\x64\debug\vc142.idb
c:\users\user\desktop\אפקה\שנה רביעית סמסטר ב\c++\מטלה חלק 1\code\projectcpppart1\projectcpppart1\x64\debug\zoo.obj
c:\users\user\desktop\אפקה\שנה רביעית סמסטר ב\c++\מטלה חלק 1\code\projectcpppart1\projectcpppart1\x64\debug\parrot.obj
c:\users\user\desktop\אפקה\שנה רביעית סמסטר ב\c++\מטלה חלק 1\code\projectcpppart1\projectcpppart1\x64\debug\ostrich.obj
c:\users\user\desktop\אפקה\שנה רביעית סמסטר ב\c++\מטלה חלק 1\code\projectcpppart1\projectcpppart1\x64\debug\reptile.obj
c:\users\user\desktop\אפקה\שנה רביעית סמסטר ב\c++\מטלה חלק 1\code\projectcpppart1\projectcpppart1\x64\debug\lion.obj
c:\users\user\desktop\אפקה\שנה רביעית סמסטר ב\c++\מטלה חלק 1\code\projectcpppart1\projectcpppart1\x64\debug\mammal.obj
c:\users\user\desktop\אפקה\שנה רביעית סמסטר ב\c++\מטלה חלק 1\code\projectcpppart1\projectcpppart1\x64\debug\employee.obj
c:\users\user\desktop\אפקה\שנה רביעית סמסטר ב\c++\מטלה חלק 1\code\projectcpppart1\projectcpppart1\x64\debug\crocodile.obj
c:\users\user\desktop\אפקה\שנה רביעית סמסטר ב\c++\מטלה חלק 1\code\projectcpppart1\projectcpppart1\x64\debug\canswin.obj
c:\users\user\desktop\אפקה\שנה רביעית סמסטר ב\c++\מטלה חלק 1\code\projectcpppart1\projectcpppart1\x64\debug\canfly.obj
c:\users\user\desktop\אפקה\שנה רביעית סמסטר ב\c++\מטלה חלק 1\code\projectcpppart1\projectcpppart1\x64\debug\cage.obj
c:\users\user\desktop\אפקה\שנה רביעית סמסטר ב\c++\מטלה חלק 1\code\projectcpppart1\projectcpppart1\x64\debug\bird.obj
c:\users\user\desktop\אפקה\שנה רביעית סמסטר ב\c++\מטלה חלק 1\code\projectcpppart1\projectcpppart1\x64\debug\bat.obj
c:\users\user\desktop\אפקה\שנה רביעית סמסטר ב\c++\מטלה חלק 1\code\projectcpppart1\projectcpppart1\x64\debug\animal.obj
c:\users\user\desktop\אפקה\שנה רביעית סמסטר ב\c++\מטלה חלק 1\code\projectcpppart1\projectcpppart1\x64\debug\address.obj
c:\users\user\desktop\אפקה\שנה רביעית סמסטר ב\c++\מטלה חלק 1\code\projectcpppart1\projectcpppart1\x64\debug\projectcpppart1.tlog\cl.command.1.tlog
c:\users\user\desktop\אפקה\שנה רביעית סמסטר ב\c++\מטלה חלק 1\code\projectcpppart1\projectcpppart1\x64\debug\projectcpppart1.tlog\cl.read.1.tlog
c:\users\user\desktop\אפקה\שנה רביעית סמסטר ב\c++\מטלה חלק 1\code\projectcpppart1\projectcpppart1\x64\debug\projectcpppart1.tlog\cl.write.1.tlog
